<?xml version="1.0" encoding="UTF-8"?>
<testsuite xmlns:xsi="http://www.w3.org/2001/XMLSchema-instance" xsi:noNamespaceSchemaLocation="https://maven.apache.org/surefire/maven-surefire-plugin/xsd/surefire-test-report.xsd" name="com.vytrack.runners.CukesRunner" time="36.354" tests="3" errors="0" skipped="0" failures="1">
  <properties>
[...]
</properties>
  <testcase name="Driver user" classname="Account Types" time="13.972"/>
  <testcase name="Sales manager user" classname="Account Types" time="11.005">
    <failure type="java.lang.AssertionError">java.lang.AssertionError
</failure>
    <system-out><![CDATA[	This is coming from before
]]></system-out>
    <system-err><![CDATA[Feb 10, 2022 12:40:11 PM org.openqa.selenium.net.HostIdentifier resolveHostName
WARNING: Failed to resolve host name
java.lang.InterruptedException
	at java.base/java.lang.Object.wait(Native Method)
	at java.base/java.lang.Object.wait(Object.java:472)
	at java.base/java.util.concurrent.TimeUnit.timedWait(TimeUnit.java:408)
	at java.base/java.lang.ProcessImpl.waitFor(ProcessImpl.java:449)
	at org.openqa.selenium.net.HostIdentifier.resolveHostName(HostIdentifier.java:52)
	at org.openqa.selenium.net.HostIdentifier.getHostName(HostIdentifier.java:116)
	at org.openqa.selenium.WebDriverException.getSystemInformation(WebDriverException.java:95)
	at org.openqa.selenium.WebDriverException.createMessage(WebDriverException.java:87)
	at org.openqa.selenium.WebDriverException.getMessage(WebDriverException.java:65)
	at java.base/java.lang.Throwable.getLocalizedMessage(Throwable.java:397)
	at java.base/java.lang.Throwable.toString(Throwable.java:496)
	at java.base/java.lang.Throwable.<init>(Throwable.java:317)
	at java.base/java.lang.Exception.<init>(Exception.java:103)
	at java.base/java.lang.RuntimeException.<init>(RuntimeException.java:97)
	at java.base/java.util.concurrent.CompletionException.<init>(CompletionException.java:88)
	at java.base/java.util.concurrent.CompletableFuture.encodeThrowable(CompletableFuture.java:315)
	at java.base/java.util.concurrent.CompletableFuture.completeThrowable(CompletableFuture.java:320)
	at java.base/java.util.concurrent.CompletableFuture$AsyncSupply.run(CompletableFuture.java:1770)
	at java.base/java.util.concurrent.ThreadPoolExecutor.runWorker(ThreadPoolExecutor.java:1136)
	at java.base/java.util.concurrent.ThreadPoolExecutor$Worker.run(ThreadPoolExecutor.java:635)
	at java.base/java.lang.Thread.run(Thread.java:833)

Exception in thread "Driver Service Executor" java.lang.RuntimeException: java.lang.InterruptedException
	at org.openqa.selenium.net.HostIdentifier.resolveHostName(HostIdentifier.java:67)
	at org.openqa.selenium.net.HostIdentifier.getHostName(HostIdentifier.java:116)
	at org.openqa.selenium.WebDriverException.getSystemInformation(WebDriverException.java:95)
	at org.openqa.selenium.WebDriverException.createMessage(WebDriverException.java:87)
	at org.openqa.selenium.WebDriverException.getMessage(WebDriverException.java:65)
	at java.base/java.lang.Throwable.getLocalizedMessage(Throwable.java:397)
	at java.base/java.lang.Throwable.toString(Throwable.java:496)
	at java.base/java.lang.Throwable.<init>(Throwable.java:317)
	at java.base/java.lang.Exception.<init>(Exception.java:103)
	at java.base/java.lang.RuntimeException.<init>(RuntimeException.java:97)
	at java.base/java.util.concurrent.CompletionException.<init>(CompletionException.java:88)
	at java.base/java.util.concurrent.CompletableFuture.encodeThrowable(CompletableFuture.java:315)
	at java.base/java.util.concurrent.CompletableFuture.completeThrowable(CompletableFuture.java:320)
	at java.base/java.util.concurrent.CompletableFuture$AsyncSupply.run(CompletableFuture.java:1770)
	at java.base/java.util.concurrent.ThreadPoolExecutor.runWorker(ThreadPoolExecutor.java:1136)
	at java.base/java.util.concurrent.ThreadPoolExecutor$Worker.run(ThreadPoolExecutor.java:635)
	at java.base/java.lang.Thread.run(Thread.java:833)
Caused by: java.lang.InterruptedException
	at java.base/java.lang.Object.wait(Native Method)
	at java.base/java.lang.Object.wait(Object.java:472)
	at java.base/java.util.concurrent.TimeUnit.timedWait(TimeUnit.java:408)
	at java.base/java.lang.ProcessImpl.waitFor(ProcessImpl.java:449)
	at org.openqa.selenium.net.HostIdentifier.resolveHostName(HostIdentifier.java:52)
	... 16 more
Feb 10, 2022 12:40:11 PM org.openqa.selenium.net.HostIdentifier resolveHostName
WARNING: Failed to resolve host name
java.lang.InterruptedException
	at java.base/java.lang.Object.wait(Native Method)
	at java.base/java.lang.Object.wait(Object.java:472)
	at java.base/java.util.concurrent.TimeUnit.timedWait(TimeUnit.java:408)
	at java.base/java.lang.ProcessImpl.waitFor(ProcessImpl.java:449)
	at org.openqa.selenium.net.HostIdentifier.resolveHostName(HostIdentifier.java:52)
	at org.openqa.selenium.net.HostIdentifier.getHostName(HostIdentifier.java:116)
	at org.openqa.selenium.WebDriverException.getSystemInformation(WebDriverException.java:95)
	at org.openqa.selenium.WebDriverException.createMessage(WebDriverException.java:87)
	at org.openqa.selenium.WebDriverException.getMessage(WebDriverException.java:65)
	at java.base/java.lang.Throwable.getLocalizedMessage(Throwable.java:397)
	at java.base/java.lang.Throwable.toString(Throwable.java:496)
	at java.base/java.lang.Throwable.<init>(Throwable.java:317)
	at java.base/java.lang.Exception.<init>(Exception.java:103)
	at java.base/java.lang.RuntimeException.<init>(RuntimeException.java:97)
	at java.base/java.util.concurrent.CompletionException.<init>(CompletionException.java:88)
	at java.base/java.util.concurrent.CompletableFuture.encodeThrowable(CompletableFuture.java:315)
	at java.base/java.util.concurrent.CompletableFuture.completeThrowable(CompletableFuture.java:320)
	at java.base/java.util.concurrent.CompletableFuture$AsyncSupply.run(CompletableFuture.java:1770)
	at java.base/java.util.concurrent.ThreadPoolExecutor.runWorker(ThreadPoolExecutor.java:1136)
	at java.base/java.util.concurrent.ThreadPoolExecutor$Worker.run(ThreadPoolExecutor.java:635)
	at java.base/java.lang.Thread.run(Thread.java:833)

Exception in thread "Driver Command Executor" java.lang.RuntimeException: java.lang.InterruptedException
	at org.openqa.selenium.net.HostIdentifier.resolveHostName(HostIdentifier.java:67)
	at org.openqa.selenium.net.HostIdentifier.getHostName(HostIdentifier.java:116)
	at org.openqa.selenium.WebDriverException.getSystemInformation(WebDriverException.java:95)
	at org.openqa.selenium.WebDriverException.createMessage(WebDriverException.java:87)
	at org.openqa.selenium.WebDriverException.getMessage(WebDriverException.java:65)
	at java.base/java.lang.Throwable.getLocalizedMessage(Throwable.java:397)
	at java.base/java.lang.Throwable.toString(Throwable.java:496)
	at java.base/java.lang.Throwable.<init>(Throwable.java:317)
	at java.base/java.lang.Exception.<init>(Exception.java:103)
	at java.base/java.lang.RuntimeException.<init>(RuntimeException.java:97)
	at java.base/java.util.concurrent.CompletionException.<init>(CompletionException.java:88)
	at java.base/java.util.concurrent.CompletableFuture.encodeThrowable(CompletableFuture.java:315)
	at java.base/java.util.concurrent.CompletableFuture.completeThrowable(CompletableFuture.java:320)
	at java.base/java.util.concurrent.CompletableFuture$AsyncSupply.run(CompletableFuture.java:1770)
	at java.base/java.util.concurrent.ThreadPoolExecutor.runWorker(ThreadPoolExecutor.java:1136)
	at java.base/java.util.concurrent.ThreadPoolExecutor$Worker.run(ThreadPoolExecutor.java:635)
	at java.base/java.lang.Thread.run(Thread.java:833)
Caused by: java.lang.InterruptedException
	at java.base/java.lang.Object.wait(Native Method)
	at java.base/java.lang.Object.wait(Object.java:472)
	at java.base/java.util.concurrent.TimeUnit.timedWait(TimeUnit.java:408)
	at java.base/java.lang.ProcessImpl.waitFor(ProcessImpl.java:449)
	at org.openqa.selenium.net.HostIdentifier.resolveHostName(HostIdentifier.java:52)
	... 16 more
Starting ChromeDriver 98.0.4758.80 (7f0488e8ba0d8e019187c6325a16c29d9b7f4989-refs/branch-heads/4758@{#972}) on port 58853
Only local connections are allowed.
Please see https://chromedriver.chromium.org/security-considerations for suggestions on keeping ChromeDriver safe.
ChromeDriver was started successfully.
Feb 10, 2022 12:40:12 PM org.openqa.selenium.remote.ProtocolHandshake createSession
INFO: Detected dialect: W3C
Feb 10, 2022 12:40:12 PM org.openqa.selenium.devtools.CdpVersionFinder findNearestMatch
WARNING: Unable to find an exact match for CDP version 98, so returning the closest version found: 96
Feb 10, 2022 12:40:12 PM org.openqa.selenium.devtools.CdpVersionFinder findNearestMatch
INFO: Found CDP implementation for version 98 of 96
]]></system-err>
  </testcase>
  <testcase name="Store manager user" classname="Account Types" time="11.208"/>
</testsuite>